  Actor.cpp
  Animation.cpp
  Animation2.cpp
  Application.cpp
  BloomEffect.cpp
  Button.cpp
  Command.cpp
  CommandQueue.cpp
  Component.cpp
  Container.cpp
  DataTables.cpp
  Entity.cpp
  GameOverState.cpp
  GameState.cpp
  jsonFrameParser.cpp
  Label.cpp
  MenuState.cpp
  MusicPlayer.cpp
  PauseState.cpp
  Player.cpp
  Generating Code...
  Compiling...
  PostEffect.cpp
  SceneNode.cpp
  SettingsState.cpp
  SoundNode.cpp
  SoundPlayer.cpp
  Source.cpp
  SpriteNode.cpp
  State.cpp
  StateStack.cpp
  TextNode.cpp
  TitleState.cpp
  Utility.cpp
  World.cpp
  Generating Code...
  SFM_ setup.vcxproj -> C:\Users\jash1\OneDrive\Documents\GitHub\Year2\Zombies\PlaneGameTurnZombies\PlaneGame-master\SFM_ setup\Debug\SFM_ setup.exe
