c:\users\jash1\downloads\planegameturnzombies\planegame-master\sfm_ setup\sfm_ setup\debug\vc142.pdb
c:\users\jash1\downloads\planegameturnzombies\planegame-master\sfm_ setup\sfm_ setup\debug\vc142.idb
c:\users\jash1\downloads\planegameturnzombies\planegame-master\sfm_ setup\sfm_ setup\debug\player.obj
c:\users\jash1\downloads\planegameturnzombies\planegame-master\sfm_ setup\sfm_ setup\debug\pausestate.obj
c:\users\jash1\downloads\planegameturnzombies\planegame-master\sfm_ setup\sfm_ setup\debug\musicplayer.obj
c:\users\jash1\downloads\planegameturnzombies\planegame-master\sfm_ setup\sfm_ setup\debug\menustate.obj
c:\users\jash1\downloads\planegameturnzombies\planegame-master\sfm_ setup\sfm_ setup\debug\label.obj
c:\users\jash1\downloads\planegameturnzombies\planegame-master\sfm_ setup\sfm_ setup\debug\jsonframeparser.obj
c:\users\jash1\downloads\planegameturnzombies\planegame-master\sfm_ setup\sfm_ setup\debug\gamestate.obj
c:\users\jash1\downloads\planegameturnzombies\planegame-master\sfm_ setup\sfm_ setup\debug\gameoverstate.obj
c:\users\jash1\downloads\planegameturnzombies\planegame-master\sfm_ setup\sfm_ setup\debug\entity.obj
c:\users\jash1\downloads\planegameturnzombies\planegame-master\sfm_ setup\sfm_ setup\debug\datatables.obj
c:\users\jash1\downloads\planegameturnzombies\planegame-master\sfm_ setup\sfm_ setup\debug\container.obj
c:\users\jash1\downloads\planegameturnzombies\planegame-master\sfm_ setup\sfm_ setup\debug\component.obj
c:\users\jash1\downloads\planegameturnzombies\planegame-master\sfm_ setup\sfm_ setup\debug\commandqueue.obj
c:\users\jash1\downloads\planegameturnzombies\planegame-master\sfm_ setup\sfm_ setup\debug\command.obj
c:\users\jash1\downloads\planegameturnzombies\planegame-master\sfm_ setup\sfm_ setup\debug\button.obj
c:\users\jash1\downloads\planegameturnzombies\planegame-master\sfm_ setup\sfm_ setup\debug\bloomeffect.obj
c:\users\jash1\downloads\planegameturnzombies\planegame-master\sfm_ setup\sfm_ setup\debug\application.obj
c:\users\jash1\downloads\planegameturnzombies\planegame-master\sfm_ setup\sfm_ setup\debug\animation2.obj
c:\users\jash1\downloads\planegameturnzombies\planegame-master\sfm_ setup\sfm_ setup\debug\animation.obj
c:\users\jash1\downloads\planegameturnzombies\planegame-master\sfm_ setup\sfm_ setup\debug\actor.obj
c:\users\jash1\downloads\planegameturnzombies\planegame-master\sfm_ setup\sfm_ setup\debug\world.obj
c:\users\jash1\downloads\planegameturnzombies\planegame-master\sfm_ setup\sfm_ setup\debug\utility.obj
c:\users\jash1\downloads\planegameturnzombies\planegame-master\sfm_ setup\sfm_ setup\debug\titlestate.obj
c:\users\jash1\downloads\planegameturnzombies\planegame-master\sfm_ setup\sfm_ setup\debug\textnode.obj
c:\users\jash1\downloads\planegameturnzombies\planegame-master\sfm_ setup\sfm_ setup\debug\statestack.obj
c:\users\jash1\downloads\planegameturnzombies\planegame-master\sfm_ setup\sfm_ setup\debug\state.obj
c:\users\jash1\downloads\planegameturnzombies\planegame-master\sfm_ setup\sfm_ setup\debug\spritenode.obj
c:\users\jash1\downloads\planegameturnzombies\planegame-master\sfm_ setup\sfm_ setup\debug\source.obj
c:\users\jash1\downloads\planegameturnzombies\planegame-master\sfm_ setup\sfm_ setup\debug\soundplayer.obj
c:\users\jash1\downloads\planegameturnzombies\planegame-master\sfm_ setup\sfm_ setup\debug\soundnode.obj
c:\users\jash1\downloads\planegameturnzombies\planegame-master\sfm_ setup\sfm_ setup\debug\settingsstate.obj
c:\users\jash1\downloads\planegameturnzombies\planegame-master\sfm_ setup\sfm_ setup\debug\scenenode.obj
c:\users\jash1\downloads\planegameturnzombies\planegame-master\sfm_ setup\sfm_ setup\debug\posteffect.obj
c:\users\jash1\downloads\planegameturnzombies\planegame-master\sfm_ setup\debug\sfm_ setup.exe
c:\users\jash1\downloads\planegameturnzombies\planegame-master\sfm_ setup\debug\sfm_ setup.ilk
c:\users\jash1\downloads\planegameturnzombies\planegame-master\sfm_ setup\debug\sfm_ setup.pdb
c:\users\jash1\downloads\planegameturnzombies\planegame-master\sfm_ setup\sfm_ setup\debug\sfm_ setup.tlog\cl.command.1.tlog
c:\users\jash1\downloads\planegameturnzombies\planegame-master\sfm_ setup\sfm_ setup\debug\sfm_ setup.tlog\cl.read.1.tlog
c:\users\jash1\downloads\planegameturnzombies\planegame-master\sfm_ setup\sfm_ setup\debug\sfm_ setup.tlog\cl.write.1.tlog
c:\users\jash1\downloads\planegameturnzombies\planegame-master\sfm_ setup\sfm_ setup\debug\sfm_ setup.tlog\link.command.1.tlog
c:\users\jash1\downloads\planegameturnzombies\planegame-master\sfm_ setup\sfm_ setup\debug\sfm_ setup.tlog\link.read.1.tlog
c:\users\jash1\downloads\planegameturnzombies\planegame-master\sfm_ setup\sfm_ setup\debug\sfm_ setup.tlog\link.write.1.tlog
